[2026-04-23 13:20:16] Scanning NIFTY for Institutional OI Traps...
[2026-04-23 13:20:26] Scanning NIFTY for Institutional OI Traps...
[2026-04-23 13:20:36] Scanning NIFTY for Institutional OI Traps...
[2026-04-23 13:20:46] Scanning NIFTY for Institutional OI Traps...
[2026-04-23 13:20:52] Scanning NIFTY for Institutional OI Traps...
[2026-04-23 13:20:56] Scan Pulse: Systematic monitoring active. No open positions.
[2026-04-23 13:20:56] Scanning NIFTY for Institutional OI Traps...
[2026-04-23 13:21:06] Scanning NIFTY for Institutional OI Traps...
[2026-04-23 13:21:17] Scan Pulse: Systematic monitoring active. No open positions.
[2026-04-23 13:21:17] Scanning NIFTY for Institutional OI Traps...
[2026-04-23 13:21:19] Pulse [NIFTY]: Price=24130.5, Trend=22.4, RSI=25.4, Integrity=20%, PCR=0.85
[2026-04-23 13:21:19] Scan Pulse: Systematic monitoring active. No open positions.
[2026-04-23 13:21:19] Scanning NIFTY for Institutional OI Traps...
[2026-04-23 13:21:19] Scanning NIFTY for Institutional OI Traps...
[2026-04-23 13:21:19] Pulse [NIFTY]: Price=24130.5, Trend=22.4, RSI=25.4, Integrity=20%, PCR=0.85
[2026-04-23 13:21:28] Scanning NIFTY for Institutional OI Traps...
[2026-04-23 13:21:48] Scan Pulse: Systematic monitoring active. No open positions.
[2026-04-23 13:21:48] Scanning NIFTY for Institutional OI Traps...
[2026-04-23 13:21:58] Scanning NIFTY for Institutional OI Traps...
[2026-04-23 13:22:08] Scanning NIFTY for Institutional OI Traps...
[2026-04-23 13:22:18] Scanning NIFTY for Institutional OI Traps...
[2026-04-23 13:22:28] Scan Pulse: Systematic monitoring active. No open positions.
[2026-04-23 13:22:28] Scanning NIFTY for Institutional OI Traps...
[2026-04-23 13:22:38] Scan Pulse: Systematic monitoring active. No open positions.
[2026-04-23 13:22:38] Scanning NIFTY for Institutional OI Traps...
[2026-04-23 13:22:48] Scanning NIFTY for Institutional OI Traps...
[2026-04-23 13:22:48] Scanning NIFTY for Institutional OI Traps...
[2026-04-23 13:22:49] Scanning NIFTY for Institutional OI Traps...
[2026-04-23 13:22:49] Scan Pulse: Systematic monitoring active. No open positions.
[2026-04-23 13:22:49] Scanning NIFTY for Institutional OI Traps...
[2026-04-23 13:22:49] Scanning NIFTY for Institutional OI Traps...
[2026-04-23 13:22:49] Pulse [NIFTY]: Price=24218.9, Trend=17.2, RSI=49.0, Integrity=28%, PCR=1.15
[2026-04-23 13:22:49] Scanning NIFTY for Institutional OI Traps...
[2026-04-23 13:22:49] Pulse [NIFTY]: Price=24218.9, Trend=17.2, RSI=49.0, Integrity=28%, PCR=1.15
[2026-04-23 13:22:58] Scanning NIFTY for Institutional OI Traps...
[2026-04-23 13:23:08] Scan Pulse: Systematic monitoring active. No open positions.
[2026-04-23 13:23:08] Scanning NIFTY for Institutional OI Traps...
[2026-04-23 13:23:18] Scanning NIFTY for Institutional OI Traps...
[2026-04-23 13:23:28] Scanning NIFTY for Institutional OI Traps...
[2026-04-23 13:23:38] Scanning NIFTY for Institutional OI Traps...
[2026-04-23 13:23:48] Scanning NIFTY for Institutional OI Traps...
[2026-04-23 13:23:58] Scanning NIFTY for Institutional OI Traps...
[2026-04-23 13:23:59] Pulse [NIFTY]: Price=24189.0, Trend=2.0, RSI=45.5, Integrity=10%, PCR=0.85
[2026-04-23 13:24:08] Scanning NIFTY for Institutional OI Traps...
[2026-04-23 13:24:18] Scanning NIFTY for Institutional OI Traps...
[2026-04-23 13:24:28] Scan Pulse: Systematic monitoring active. No open positions.
[2026-04-23 13:24:28] Scanning NIFTY for Institutional OI Traps...
[2026-04-23 13:24:38] Scanning NIFTY for Institutional OI Traps...
[2026-04-23 13:24:38] Pulse [NIFTY]: Price=24190.2, Trend=25.5, RSI=48.8, Integrity=9%, PCR=0.85
[2026-04-23 13:24:48] Scanning NIFTY for Institutional OI Traps...
[2026-04-23 13:24:58] Scanning NIFTY for Institutional OI Traps...
[2026-04-23 13:25:08] Scanning NIFTY for Institutional OI Traps...
[2026-04-23 13:25:09] Pulse [NIFTY]: Price=24226.3, Trend=6.9, RSI=70.0, Integrity=34%, PCR=0.85
[2026-04-23 13:25:18] Scanning NIFTY for Institutional OI Traps...
[2026-04-23 13:25:19] Pulse [NIFTY]: Price=24165.9, Trend=14.2, RSI=79.0, Integrity=10%, PCR=1.15
[2026-04-23 13:25:28] Scanning NIFTY for Institutional OI Traps...
[2026-04-23 13:25:38] Scanning NIFTY for Institutional OI Traps...
[2026-04-23 13:25:38] Pulse [NIFTY]: Price=24222.6, Trend=10.2, RSI=48.7, Integrity=7%, PCR=1.15
[2026-04-23 13:25:48] Scanning NIFTY for Institutional OI Traps...
[2026-04-23 13:25:58] Scanning NIFTY for Institutional OI Traps...
[2026-04-23 13:26:08] Scanning NIFTY for Institutional OI Traps...
[2026-04-23 13:26:18] Scanning NIFTY for Institutional OI Traps...
[2026-04-23 13:26:28] Scanning NIFTY for Institutional OI Traps...
[2026-04-23 13:26:38] Scanning NIFTY for Institutional OI Traps...
[2026-04-23 13:26:48] Scanning NIFTY for Institutional OI Traps...
[2026-04-23 13:26:48] Pulse [NIFTY]: Price=24230.8, Trend=9.6, RSI=53.6, Integrity=3%, PCR=0.85
[2026-04-23 13:26:58] Scanning NIFTY for Institutional OI Traps...
[2026-04-23 13:27:08] Scanning NIFTY for Institutional OI Traps...
[2026-04-23 13:27:18] Scanning NIFTY for Institutional OI Traps...
[2026-04-23 13:27:28] Scanning NIFTY for Institutional OI Traps...
[2026-04-23 13:27:38] Scan Pulse: Systematic monitoring active. No open positions.
[2026-04-23 13:27:38] Scanning NIFTY for Institutional OI Traps...
[2026-04-23 13:27:48] Scanning NIFTY for Institutional OI Traps...
[2026-04-23 13:27:58] Scanning NIFTY for Institutional OI Traps...
[2026-04-23 13:28:08] Scan Pulse: Systematic monitoring active. No open positions.
[2026-04-23 13:28:08] Scanning NIFTY for Institutional OI Traps...
[2026-04-23 13:28:18] Scanning NIFTY for Institutional OI Traps...
[2026-04-23 13:28:28] Scanning NIFTY for Institutional OI Traps...
[2026-04-23 13:28:38] Scanning NIFTY for Institutional OI Traps...
[2026-04-23 13:28:48] Scanning NIFTY for Institutional OI Traps...
[2026-04-23 13:28:58] Scanning NIFTY for Institutional OI Traps...
[2026-04-23 13:29:08] Scanning NIFTY for Institutional OI Traps...
[2026-04-23 13:29:08] Pulse [NIFTY]: Price=24226.8, Trend=20.3, RSI=32.6, Integrity=10%, PCR=0.85
[2026-04-23 13:29:18] Scanning NIFTY for Institutional OI Traps...
[2026-04-23 13:29:28] Scanning NIFTY for Institutional OI Traps...
[2026-04-23 13:29:38] Scanning NIFTY for Institutional OI Traps...
[2026-04-23 13:29:38] Pulse [NIFTY]: Price=24200.7, Trend=20.1, RSI=19.9, Integrity=12%, PCR=1.15
[2026-04-23 13:29:48] Scan Pulse: Systematic monitoring active. No open positions.
[2026-04-23 13:29:48] Scanning NIFTY for Institutional OI Traps...
[2026-04-23 13:29:58] Scan Pulse: Systematic monitoring active. No open positions.
[2026-04-23 13:29:58] Scanning NIFTY for Institutional OI Traps...
[2026-04-23 13:29:59] Pulse [NIFTY]: Price=24223.7, Trend=29.3, RSI=83.5, Integrity=77%, PCR=1.15
[2026-04-23 13:29:59] A+ SETUP DETECTED: NIFTY CALL. Waiting for 6-pt Pullback.
[2026-04-23 13:30:08] Scanning NIFTY for Institutional OI Traps...
[2026-04-23 13:30:08] A+ EXECUTED: NIFTY 24200 CE @ 24199.087648988203
[2026-04-23 13:30:18] Monitoring 1 active trades...
[2026-04-23 13:30:18] TSL STAGE 1: NIFTY Part-Booked & Secured at Cost.
[2026-04-23 13:30:18] Scanning NIFTY for Institutional OI Traps...
[2026-04-23 13:30:28] Scan Pulse: Systematic monitoring active. No open positions.
[2026-04-23 13:30:28] Scanning NIFTY for Institutional OI Traps...
[2026-04-23 13:30:38] Scanning NIFTY for Institutional OI Traps...
[2026-04-23 13:30:38] Pulse [NIFTY]: Price=24175.7, Trend=31.0, RSI=21.1, Integrity=5%, PCR=0.85
[2026-04-23 13:30:48] Scanning NIFTY for Institutional OI Traps...
[2026-04-23 13:30:58] Scanning NIFTY for Institutional OI Traps...
[2026-04-23 13:30:58] Pulse [NIFTY]: Price=24171.5, Trend=17.0, RSI=26.2, Integrity=26%, PCR=1.15
[2026-04-23 13:31:08] Scanning NIFTY for Institutional OI Traps...
[2026-04-23 13:31:18] Scanning NIFTY for Institutional OI Traps...
[2026-04-23 13:31:28] Scanning NIFTY for Institutional OI Traps...
[2026-04-23 13:31:28] Pulse [NIFTY]: Price=24242.1, Trend=2.0, RSI=67.6, Integrity=68%, PCR=0.85
[2026-04-23 13:31:38] Scanning NIFTY for Institutional OI Traps...
[2026-04-23 13:31:58] Scanning NIFTY for Institutional OI Traps...
[2026-04-23 13:32:08] Scanning NIFTY for Institutional OI Traps...
[2026-04-23 13:32:10] A+ SETUP DETECTED: NIFTY PUT. Waiting for 6-pt Pullback.
[2026-04-23 13:32:18] Scanning NIFTY for Institutional OI Traps...
[2026-04-23 13:32:23] A+ EXECUTED: NIFTY 24200 PE @ 24203.809544163007
[2026-04-23 13:32:28] Monitoring 1 active trades...
[2026-04-23 13:32:29] Scanning NIFTY for Institutional OI Traps...
[2026-04-23 13:32:30] Pulse [NIFTY]: Price=24140.2, Trend=3.4, RSI=35.8, Integrity=45%, PCR=0.85
[2026-04-23 13:32:38] Scanning NIFTY for Institutional OI Traps...
[2026-04-23 13:32:48] Scanning NIFTY for Institutional OI Traps...
[2026-04-23 13:32:48] Pulse [NIFTY]: Price=24211.7, Trend=5.5, RSI=50.1, Integrity=30%, PCR=1.15
[2026-04-23 13:32:58] Scanning NIFTY for Institutional OI Traps...
[2026-04-23 13:33:08] Scanning NIFTY for Institutional OI Traps...
[2026-04-23 13:33:08] Pulse [NIFTY]: Price=24248.6, Trend=19.2, RSI=68.1, Integrity=18%, PCR=0.85
[2026-04-23 13:33:18] Scanning NIFTY for Institutional OI Traps...
[2026-04-23 13:33:18] Pulse [NIFTY]: Price=24179.5, Trend=15.3, RSI=22.6, Integrity=20%, PCR=0.85
[2026-04-23 13:33:28] Scanning NIFTY for Institutional OI Traps...
[2026-04-23 13:33:38] Scanning NIFTY for Institutional OI Traps...
[2026-04-23 13:33:48] Scanning NIFTY for Institutional OI Traps...
[2026-04-23 13:33:58] Scanning NIFTY for Institutional OI Traps...
[2026-04-23 13:33:59] Pulse [NIFTY]: Price=24144.2, Trend=35.5, RSI=38.7, Integrity=38%, PCR=0.85
[2026-04-23 13:33:59] A+ SETUP DETECTED: NIFTY PUT. Waiting for 6-pt Pullback.
[2026-04-23 13:34:08] Scanning NIFTY for Institutional OI Traps...
[2026-04-23 13:34:08] A+ EXECUTED: NIFTY 24300 PE @ 24258.136890219732
[2026-04-23 13:34:18] Monitoring 1 active trades...
[2026-04-23 13:34:18] Scanning NIFTY for Institutional OI Traps...
[2026-04-23 13:34:28] Monitoring 1 active trades...
[2026-04-23 13:34:28] Scanning NIFTY for Institutional OI Traps...
[2026-04-23 13:34:38] Monitoring 1 active trades...
[2026-04-23 13:34:38] Scanning NIFTY for Institutional OI Traps...
[2026-04-23 13:34:48] Monitoring 1 active trades...
[2026-04-23 13:34:48] Scanning NIFTY for Institutional OI Traps...
[2026-04-23 13:34:58] Monitoring 1 active trades...
[2026-04-23 13:34:58] Scanning NIFTY for Institutional OI Traps...
[2026-04-23 13:35:08] Monitoring 1 active trades...
[2026-04-23 13:35:08] Scanning NIFTY for Institutional OI Traps...
[2026-04-23 13:35:18] Monitoring 1 active trades...
[2026-04-23 13:35:18] Scanning NIFTY for Institutional OI Traps...
[2026-04-23 13:35:28] Monitoring 1 active trades...
[2026-04-23 13:35:28] Scanning NIFTY for Institutional OI Traps...
[2026-04-23 13:35:38] Monitoring 1 active trades...
[2026-04-23 13:35:39] Scanning NIFTY for Institutional OI Traps...
[2026-04-23 13:35:48] Monitoring 1 active trades...
[2026-04-23 13:35:48] Scanning NIFTY for Institutional OI Traps...
[2026-04-23 13:35:58] Monitoring 1 active trades...
[2026-04-23 13:36:12] Scanning NIFTY for Institutional OI Traps...
[2026-04-23 13:36:18] Monitoring 1 active trades...
[2026-04-23 13:36:18] Scanning NIFTY for Institutional OI Traps...
[2026-04-23 13:36:28] Monitoring 1 active trades...
[2026-04-23 13:36:28] Scanning NIFTY for Institutional OI Traps...
[2026-04-23 13:36:38] Monitoring 1 active trades...
[2026-04-23 13:36:44] Scanning NIFTY for Institutional OI Traps...
[2026-04-23 13:36:48] Monitoring 1 active trades...
[2026-04-23 13:36:48] Scanning NIFTY for Institutional OI Traps...
[2026-04-23 13:36:58] Monitoring 1 active trades...
[2026-04-23 13:36:58] Scanning NIFTY for Institutional OI Traps...
[2026-04-23 13:37:08] Monitoring 1 active trades...
[2026-04-23 13:37:08] Scanning NIFTY for Institutional OI Traps...
[2026-04-23 13:37:18] Monitoring 1 active trades...
[2026-04-23 13:37:18] Scanning NIFTY for Institutional OI Traps...
[2026-04-23 13:37:28] Monitoring 1 active trades...
[2026-04-23 13:37:29] Scanning NIFTY for Institutional OI Traps...
[2026-04-23 13:37:38] Monitoring 1 active trades...
[2026-04-23 13:37:38] Scanning NIFTY for Institutional OI Traps...
[2026-04-23 13:37:48] Monitoring 1 active trades...
[2026-04-23 13:37:48] Scanning NIFTY for Institutional OI Traps...
[2026-04-23 13:37:58] Monitoring 1 active trades...
[2026-04-23 13:37:58] Scanning NIFTY for Institutional OI Traps...
[2026-04-23 13:38:08] Monitoring 1 active trades...
[2026-04-23 13:38:08] Scanning NIFTY for Institutional OI Traps...
[2026-04-23 13:38:18] Monitoring 1 active trades...
[2026-04-23 13:38:33] TSL STAGE 1: NIFTY Part-Booked & Secured at Cost.
[2026-04-23 13:38:33] Scanning NIFTY for Institutional OI Traps...
[2026-04-23 13:38:38] Monitoring 1 active trades...
[2026-04-23 13:38:38] Scanning NIFTY for Institutional OI Traps...
[2026-04-23 13:38:48] Monitoring 1 active trades...
[2026-04-23 13:38:48] Scanning NIFTY for Institutional OI Traps...
[2026-04-23 13:38:58] Monitoring 1 active trades...
[2026-04-23 13:38:58] Scanning NIFTY for Institutional OI Traps...
[2026-04-23 13:39:08] Monitoring 1 active trades...
[2026-04-23 13:39:08] Scanning NIFTY for Institutional OI Traps...
[2026-04-23 13:39:18] Monitoring 1 active trades...
[2026-04-23 13:39:18] Scanning NIFTY for Institutional OI Traps...
[2026-04-23 13:39:28] Monitoring 1 active trades...
[2026-04-23 13:39:28] Scanning NIFTY for Institutional OI Traps...
[2026-04-23 13:39:38] Monitoring 1 active trades...
[2026-04-23 13:39:38] Scanning NIFTY for Institutional OI Traps...
[2026-04-23 13:39:48] Monitoring 1 active trades...
[2026-04-23 13:39:48] Scanning NIFTY for Institutional OI Traps...
[2026-04-23 13:39:58] Monitoring 1 active trades...
[2026-04-23 13:39:58] Scanning NIFTY for Institutional OI Traps...
[2026-04-23 13:40:08] Monitoring 1 active trades...
[2026-04-23 13:40:08] Scanning NIFTY for Institutional OI Traps...
[2026-04-23 13:40:18] Monitoring 1 active trades...
[2026-04-23 13:40:18] Scanning NIFTY for Institutional OI Traps...
[2026-04-23 13:40:28] Monitoring 1 active trades...
[2026-04-23 13:40:28] Scanning NIFTY for Institutional OI Traps...
[2026-04-23 13:40:38] Monitoring 1 active trades...
[2026-04-23 13:40:38] Scanning NIFTY for Institutional OI Traps...
[2026-04-23 13:40:48] Monitoring 1 active trades...
[2026-04-23 13:40:48] Scanning NIFTY for Institutional OI Traps...
[2026-04-23 13:40:58] Monitoring 1 active trades...
[2026-04-23 13:40:58] Scanning NIFTY for Institutional OI Traps...
[2026-04-23 13:41:08] Monitoring 1 active trades...
[2026-04-23 13:41:08] Scanning NIFTY for Institutional OI Traps...
[2026-04-23 13:41:18] Monitoring 1 active trades...
[2026-04-23 13:41:18] Scanning NIFTY for Institutional OI Traps...
[2026-04-23 13:41:28] Monitoring 1 active trades...
[2026-04-23 13:41:28] Scanning NIFTY for Institutional OI Traps...
[2026-04-23 13:41:38] Monitoring 1 active trades...
[2026-04-23 13:41:42] Scanning NIFTY for Institutional OI Traps...
[2026-04-23 13:41:48] Monitoring 1 active trades...
[2026-04-23 13:41:52] Scanning NIFTY for Institutional OI Traps...
[2026-04-23 13:41:58] Monitoring 1 active trades...
[2026-04-23 13:41:59] Scanning NIFTY for Institutional OI Traps...
[2026-04-23 13:42:08] Monitoring 1 active trades...
[2026-04-23 13:42:09] Scanning NIFTY for Institutional OI Traps...
[2026-04-23 13:42:18] Monitoring 1 active trades...
[2026-04-23 13:42:38] Scanning NIFTY for Institutional OI Traps...
[2026-04-23 13:42:48] Monitoring 1 active trades...
[2026-04-23 13:42:54] Scanning NIFTY for Institutional OI Traps...
[2026-04-23 13:42:58] Monitoring 1 active trades...
[2026-04-23 13:42:58] Scanning NIFTY for Institutional OI Traps...
[2026-04-23 13:43:08] Monitoring 1 active trades...
[2026-04-23 13:43:10] Scanning NIFTY for Institutional OI Traps...
[2026-04-23 13:43:18] Monitoring 1 active trades...
[2026-04-23 13:43:19] Scanning NIFTY for Institutional OI Traps...
[2026-04-23 13:43:28] Monitoring 1 active trades...
[2026-04-23 13:43:29] Scanning NIFTY for Institutional OI Traps...
[2026-04-23 13:43:38] Monitoring 1 active trades...
[2026-04-23 13:43:38] Scanning NIFTY for Institutional OI Traps...
[2026-04-23 13:43:48] Monitoring 1 active trades...
[2026-04-23 13:43:48] Scanning NIFTY for Institutional OI Traps...
[2026-04-23 13:43:58] Monitoring 1 active trades...
[2026-04-23 13:43:58] Scanning NIFTY for Institutional OI Traps...
[2026-04-23 13:44:08] Monitoring 1 active trades...
[2026-04-23 13:44:09] Scanning NIFTY for Institutional OI Traps...
[2026-04-23 13:44:18] Monitoring 1 active trades...
[2026-04-23 13:44:18] Scanning NIFTY for Institutional OI Traps...
[2026-04-23 13:44:28] Monitoring 1 active trades...
[2026-04-23 13:44:29] Scanning NIFTY for Institutional OI Traps...
[2026-04-23 13:44:38] Monitoring 1 active trades...
[2026-04-23 13:44:38] Scanning NIFTY for Institutional OI Traps...
[2026-04-23 13:44:48] Monitoring 1 active trades...
[2026-04-23 13:44:48] Scanning NIFTY for Institutional OI Traps...
[2026-04-23 13:44:58] Monitoring 1 active trades...
[2026-04-23 13:45:00] Scanning NIFTY for Institutional OI Traps...
[2026-04-23 13:45:08] Monitoring 1 active trades...
[2026-04-23 13:45:08] Scanning NIFTY for Institutional OI Traps...
[2026-04-23 13:45:18] Monitoring 1 active trades...
[2026-04-23 13:45:18] Scanning NIFTY for Institutional OI Traps...
[2026-04-23 13:45:28] Monitoring 1 active trades...
[2026-04-23 13:45:28] Scanning NIFTY for Institutional OI Traps...
[2026-04-23 13:45:38] Monitoring 1 active trades...
[2026-04-23 13:45:38] Scanning NIFTY for Institutional OI Traps...
[2026-04-23 13:45:48] Monitoring 1 active trades...
[2026-04-23 13:45:49] Scanning NIFTY for Institutional OI Traps...
[2026-04-23 13:45:58] Monitoring 1 active trades...
[2026-04-23 13:45:59] Scanning NIFTY for Institutional OI Traps...
[2026-04-23 13:46:08] Monitoring 1 active trades...
[2026-04-23 13:46:08] Scanning NIFTY for Institutional OI Traps...
[2026-04-23 13:46:18] Monitoring 1 active trades...
[2026-04-23 13:46:24] Scanning NIFTY for Institutional OI Traps...
[2026-04-23 13:46:28] Monitoring 1 active trades...
[2026-04-23 13:46:28] Scanning NIFTY for Institutional OI Traps...
[2026-04-23 13:46:38] Monitoring 1 active trades...
[2026-04-23 13:46:39] Scanning NIFTY for Institutional OI Traps...
[2026-04-23 13:46:48] Monitoring 1 active trades...
[2026-04-23 13:46:48] Scanning NIFTY for Institutional OI Traps...
[2026-04-23 13:46:58] Monitoring 1 active trades...
[2026-04-23 13:47:00] Scanning NIFTY for Institutional OI Traps...
[2026-04-23 13:47:08] Monitoring 1 active trades...
[2026-04-23 13:47:10] Scanning NIFTY for Institutional OI Traps...
[2026-04-23 13:47:18] Monitoring 1 active trades...
[2026-04-23 13:47:19] Scanning NIFTY for Institutional OI Traps...
[2026-04-23 13:47:28] Monitoring 1 active trades...
[2026-04-23 13:47:29] Scanning NIFTY for Institutional OI Traps...
[2026-04-23 13:47:38] Monitoring 1 active trades...
[2026-04-23 13:47:40] Scanning NIFTY for Institutional OI Traps...
[2026-04-23 13:47:48] Monitoring 1 active trades...
[2026-04-23 13:47:48] Scanning NIFTY for Institutional OI Traps...
[2026-04-23 13:47:58] Monitoring 1 active trades...
[2026-04-23 13:48:02] Scanning NIFTY for Institutional OI Traps...
[2026-04-23 13:48:08] Monitoring 1 active trades...
[2026-04-23 13:48:08] Scanning NIFTY for Institutional OI Traps...
[2026-04-23 13:48:18] Scan Pulse: Systematic monitoring active. No open positions.
[2026-04-23 13:48:18] Scanning NIFTY for Institutional OI Traps...
[2026-04-23 13:48:28] Scanning NIFTY for Institutional OI Traps...
[2026-04-23 13:48:38] Scanning NIFTY for Institutional OI Traps...
[2026-04-23 13:48:48] Scanning NIFTY for Institutional OI Traps...
[2026-04-23 13:48:58] Scanning NIFTY for Institutional OI Traps...
[2026-04-23 13:49:08] Scanning NIFTY for Institutional OI Traps...
[2026-04-23 13:49:18] Scanning NIFTY for Institutional OI Traps...
[2026-04-23 13:49:28] Scan Pulse: Systematic monitoring active. No open positions.
[2026-04-23 13:49:28] Scanning NIFTY for Institutional OI Traps...
[2026-04-23 13:49:38] Scanning NIFTY for Institutional OI Traps...
[2026-04-23 13:49:48] Scanning NIFTY for Institutional OI Traps...
[2026-04-23 13:49:58] Scanning NIFTY for Institutional OI Traps...
[2026-04-23 13:50:08] Scanning NIFTY for Institutional OI Traps...
[2026-04-23 13:50:18] Scan Pulse: Systematic monitoring active. No open positions.
[2026-04-23 13:50:18] Scanning NIFTY for Institutional OI Traps...
[2026-04-23 13:50:28] Scanning NIFTY for Institutional OI Traps...
[2026-04-23 13:50:38] Scanning NIFTY for Institutional OI Traps...
[2026-04-23 13:50:48] Scanning NIFTY for Institutional OI Traps...
[2026-04-23 13:50:58] Scanning NIFTY for Institutional OI Traps...
[2026-04-23 13:51:08] Scanning NIFTY for Institutional OI Traps...
[2026-04-23 13:51:18] Scanning NIFTY for Institutional OI Traps...
[2026-04-23 13:51:28] Scanning NIFTY for Institutional OI Traps...
[2026-04-23 13:51:38] Scanning NIFTY for Institutional OI Traps...
[2026-04-23 13:51:48] Scanning NIFTY for Institutional OI Traps...
[2026-04-23 13:51:58] Scanning NIFTY for Institutional OI Traps...
[2026-04-23 13:52:08] Scanning NIFTY for Institutional OI Traps...
[2026-04-23 13:52:18] Scanning NIFTY for Institutional OI Traps...
[2026-04-23 13:52:28] Scanning NIFTY for Institutional OI Traps...
[2026-04-23 13:52:38] Scanning NIFTY for Institutional OI Traps...
[2026-04-23 13:52:48] Scanning NIFTY for Institutional OI Traps...
[2026-04-23 13:52:58] Scanning NIFTY for Institutional OI Traps...
[2026-04-23 13:53:08] Scanning NIFTY for Institutional OI Traps...
[2026-04-23 13:53:18] Scanning NIFTY for Institutional OI Traps...
[2026-04-23 13:53:28] Scanning NIFTY for Institutional OI Traps...
[2026-04-23 13:53:38] Scanning NIFTY for Institutional OI Traps...
[2026-04-23 13:53:48] Scanning NIFTY for Institutional OI Traps...
[2026-04-23 13:53:58] Scan Pulse: Systematic monitoring active. No open positions.
[2026-04-23 13:53:58] Scanning NIFTY for Institutional OI Traps...
[2026-04-23 13:54:08] Scanning NIFTY for Institutional OI Traps...
[2026-04-23 13:54:18] Scanning NIFTY for Institutional OI Traps...
[2026-04-23 13:54:28] Scanning NIFTY for Institutional OI Traps...
[2026-04-23 13:54:38] Scanning NIFTY for Institutional OI Traps...
[2026-04-23 13:54:48] Scanning NIFTY for Institutional OI Traps...
[2026-04-23 13:54:58] Scanning NIFTY for Institutional OI Traps...
[2026-04-23 13:55:08] Scanning NIFTY for Institutional OI Traps...
[2026-04-23 14:25:02] Scanning NIFTY for Institutional OI Traps...
[2026-04-23 14:25:12] Scanning NIFTY for Institutional OI Traps...
[2026-04-23 14:25:22] Scanning NIFTY for Institutional OI Traps...
[2026-04-23 14:25:32] Scanning NIFTY for Institutional OI Traps...
